{
  "RSpec": {
    "coverage": {
      "/home/saasbook/github/group3/app/controllers/sessions_controller.rb": [
        1,
        null,
        1,
        null,
        null,
        1,
        null,
        null,
        1,
        null,
        null
      ],
      "/home/saasbook/github/group3/app/controllers/application_controller.rb": [
        1,
        null,
        null,
        1,
        null,
        1,
        null,
        null
      ],
      "/home/saasbook/github/group3/app/models/user.rb": [
        1,
        null,
        1,
        1,
        null,
        1,
        1,
        null,
        null,
        1,
        1,
        null,
        null,
        null,
        null,
        null,
        null,
        null
      ],
      "/home/saasbook/github/group3/app/controllers/place_controller.rb": [
        1,
        null,
        1,
        6,
        6,
        null,
        6,
        6,
        6,
        null,
        null,
        null,
        null,
        null,
        6,
        0,
        null,
        null,
        null,
        null,
        1,
        3,
        3,
        null,
        null,
        1,
        3,
        null,
        null,
        1,
        3,
        3,
        3,
        null,
        null,
        1,
        1,
        null,
        null,
        1,
        1,
        1,
        1,
        1,
        null,
        null,
        null,
        null,
        null,
        null,
        null,
        null,
        1,
        4,
        null,
        null,
        null,
        1,
        6,
        null,
        null,
        null
      ],
      "/home/saasbook/github/group3/app/models/place.rb": [
        1,
        1,
        1,
        1,
        null,
        1,
        6,
        6,
        3,
        null,
        6,
        null,
        1,
        6,
        null,
        null,
        1,
        6,
        null,
        null
      ]
    },
    "timestamp": 1429319342
  },
  "Cucumber Features": {
    "coverage": {
      "/home/saasbook/github/group3/app/controllers/welcome_controller.rb": [
        1,
        1,
        1,
        2,
        2,
        null,
        null,
        1,
        null,
        null,
        1,
        2,
        0,
        null,
        null
      ],
      "/home/saasbook/github/group3/app/controllers/application_controller.rb": [
        1,
        null,
        null,
        1,
        null,
        1,
        null,
        null
      ],
      "/home/saasbook/github/group3/app/helpers/application_helper.rb": [
        1,
        null
      ],
      "/home/saasbook/github/group3/app/helpers/place_helper.rb": [
        1,
        null
      ],
      "/home/saasbook/github/group3/app/helpers/sessions_helper.rb": [
        1,
        null,
        1,
        null,
        null,
        1,
        null,
        null,
        1,
        null,
        null,
        1,
        null,
        null,
        1,
        null,
        null
      ],
      "/home/saasbook/github/group3/app/helpers/welcome_helper.rb": [
        1,
        null
      ],
      "/home/saasbook/github/group3/app/models/place.rb": [
        1,
        2,
        2,
        2,
        null,
        1,
        9,
        9,
        108,
        null,
        9,
        null,
        1,
        9,
        null,
        null,
        1,
        9,
        null,
        null
      ],
      "/home/saasbook/github/group3/app/controllers/place_controller.rb": [
        1,
        null,
        1,
        9,
        9,
        null,
        9,
        9,
        9,
        null,
        null,
        null,
        null,
        null,
        9,
        9,
        null,
        null,
        null,
        null,
        1,
        3,
        3,
        null,
        null,
        1,
        0,
        null,
        null,
        1,
        0,
        0,
        0,
        null,
        null,
        1,
        1,
        null,
        null,
        1,
        1,
        1,
        1,
        1,
        null,
        null,
        null,
        null,
        null,
        null,
        null,
        null,
        1,
        1,
        null,
        null,
        null,
        1,
        9,
        null,
        null,
        null
      ],
      "/home/saasbook/github/group3/app/controllers/sessions_controller.rb": [
        1,
        null,
        1,
        null,
        null,
        1,
        null,
        null,
        1,
        null,
        null
      ],
      "/home/saasbook/github/group3/app/models/user.rb": [
        1,
        null,
        1,
        1,
        null,
        1,
        1,
        null,
        null,
        1,
        1,
        null,
        null,
        null,
        null,
        null,
        null,
        null
      ]
    },
    "timestamp": 1429319305
  }
}
